2021-10-17T19:17:08.542Z [crud_op] [32minfo[39m:  calling create new user
2021-10-17T19:17:08.546Z [crud_op] [32minfo[39m: creating user 
2021-10-17T19:17:09.794Z [crud_op] [32minfo[39m:  calling create new user
2021-10-17T19:17:10.786Z [crud_op] [32minfo[39m:  calling create new user
2021-10-17T19:17:12.818Z [crud_op] [32minfo[39m:  calling create new user
2021-10-18T05:19:58.299Z [crud_op] [32minfo[39m:  calling create new user
2021-10-18T05:19:58.333Z [crud_op] [32minfo[39m: creating user 
2021-10-18T05:20:18.802Z [crud_op] [32minfo[39m:  calling create new user
2021-10-21T07:41:53.873Z [crud_op] [32minfo[39m:  calling create new user
2021-10-21T07:41:53.906Z [crud_op] [32minfo[39m: creating user 
2021-10-21T07:41:55.099Z [crud_op] [32minfo[39m:  calling create new user
2021-10-21T07:42:04.608Z [crud_op] [32minfo[39m:  calling create new user
2021-10-21T07:42:29.409Z [crud_op] [32minfo[39m:  calling create new user
2021-10-21T07:42:29.410Z [crud_op] [32minfo[39m: creating user 
2021-10-24T05:17:04.879Z [crud_op] [32minfo[39m:  calling create new user
2021-10-24T05:17:04.909Z [crud_op] [32minfo[39m: creating user 
2021-10-25T05:46:59.183Z [crud_op] [32minfo[39m: Authentication on carab@gmail.com and 123
2021-10-25T05:49:16.250Z [crud_op] [32minfo[39m: Authentication on carab@gmail.com and 123
2021-10-25T05:52:16.421Z [crud_op] [32minfo[39m: Authentication on carab@gmail.com and 123
2021-10-25T05:52:35.254Z [crud_op] [32minfo[39m: Authentication on carab@gmail.com and 123
2021-10-25T05:52:38.059Z [crud_op] [32minfo[39m: Authentication on carab@gmail.com and 123
2021-10-25T05:52:39.494Z [crud_op] [32minfo[39m: Authentication on carab@gmail.com and 123
2021-10-25T05:53:41.233Z [crud_op] [32minfo[39m: Authentication on carab@gmail.com and 123
2021-10-25T05:53:43.012Z [crud_op] [32minfo[39m: Authentication on carab@gmail.com and 123
2021-10-25T05:54:12.928Z [crud_op] [32minfo[39m: Authentication on carab@gmail.com and 123
2021-10-25T05:54:52.013Z [crud_op] [32minfo[39m: Authentication on carab@gmail.com and 123
2021-10-25T05:55:36.841Z [crud_op] [32minfo[39m: Authentication on carab@gmail.com and 123
2021-10-25T05:56:21.613Z [crud_op] [32minfo[39m: Authentication on carab@gmail.com and 123
2021-10-25T05:56:54.011Z [crud_op] [32minfo[39m: Authentication on ismail@gmail.com and 123
2021-10-25T05:57:11.336Z [crud_op] [32minfo[39m: Authentication on ismail@gmail.com and 12
2021-10-25T05:58:01.233Z [crud_op] [32minfo[39m: Authentication on ismail@gmail.com and 12
2021-10-25T05:59:08.308Z [crud_op] [32minfo[39m: Authentication on ismail@gmail.com and 12
2021-10-25T05:59:51.812Z [crud_op] [32minfo[39m: Authentication on ismail@gmail.com and 123
2021-10-25T06:00:45.080Z [crud_op] [32minfo[39m: Authentication on ismail@gmail.com and 123
2021-10-25T06:00:47.177Z [crud_op] [32minfo[39m: Authentication on ismail@gmail.com and 123
2021-10-25T06:01:20.285Z [crud_op] [32minfo[39m: Authentication on ismail@gmail.com and 123
2021-10-25T06:01:24.029Z [crud_op] [32minfo[39m: Authentication on ismail@gmail.com and 1g23
2021-10-25T06:01:58.302Z [crud_op] [32minfo[39m: Authentication on ismail@gmail.com and 1g23
2021-10-25T06:02:13.441Z [crud_op] [32minfo[39m: Authentication on ismail@gmail.com and 123
2021-10-25T06:03:04.042Z [crud_op] [32minfo[39m: Authentication on ismail@gmail.com and 123
2021-10-25T06:03:08.390Z [crud_op] [32minfo[39m: Authentication on ismail@gmail.com and 12g3
2021-10-25T06:04:25.617Z [crud_op] [32minfo[39m: Authentication on ismail@gmail.com and 12g3
2021-10-25T06:04:27.736Z [crud_op] [32minfo[39m: Authentication on ismail@gmail.com and 12g3
2021-10-25T06:04:33.169Z [crud_op] [32minfo[39m: Authentication on ismail@gmail.com and 123
2021-10-25T06:07:19.274Z [crud_op] [32minfo[39m: Authentication on ismail@gmail.com and 123
2021-10-25T06:10:51.321Z [crud_op] [32minfo[39m: Authentication on ismail@gmail.com and 123
2021-10-25T06:11:46.272Z [crud_op] [32minfo[39m: Authentication on ismail@gmail.com and 123
2021-10-25T06:17:21.932Z [crud_op] [32minfo[39m: Authentication on ismail@gmail.com and 123
2021-10-25T06:18:37.646Z [crud_op] [32minfo[39m: Authentication on ismail@gmail.com and 123
2021-10-25T06:24:04.499Z [crud_op] [32minfo[39m: Authentication on ismail@gmail.com and 123
2021-10-25T06:24:20.145Z [crud_op] [32minfo[39m: Authentication on ismail@gmail.com and 1233
2021-10-25T06:25:35.087Z [crud_op] [32minfo[39m: Authentication on ismail@gmail.com and 123
2021-10-25T06:26:19.694Z [crud_op] [32minfo[39m: Authentication on ismail@gmail.com and 123
2021-10-25T06:28:06.704Z [crud_op] [32minfo[39m: Authentication on ismail@gmail.com and 123
2021-10-25T06:28:34.653Z [crud_op] [32minfo[39m: Authentication on ismail@gmail.com and 123
2021-10-25T06:29:27.932Z [crud_op] [32minfo[39m: Authentication on ismail@gmail.com and 123
2021-10-25T06:34:56.256Z [crud_op] [32minfo[39m: Authentication on ismail@gmail.com and 123
2021-10-25T07:13:21.911Z [crud_op] [32minfo[39m: Authentication on ismail@gmail.com and 12eew3
2021-10-25T07:13:31.556Z [crud_op] [32minfo[39m: Authentication on ismail@gmail.com and 123
2021-10-27T06:21:23.004Z [crud_op] [32minfo[39m: Authentication on ismail@gmail.com and 123
2021-10-27T06:46:35.065Z [crud_op] [32minfo[39m: Authentication on ismail@gmail.com and 123
2021-10-27T07:01:38.237Z [crud_op] [32minfo[39m: Authentication on ismail@gmail.com and 123
2021-10-28T08:43:44.374Z [crud_op] [32minfo[39m: Authentication on ismail@gmail.com and 123
